<?xml version="1.0" encoding="UTF-8"?>
<testng-results skipped="0" failed="0" ignored="0" total="1" passed="1">
  <reporter-output>
  </reporter-output>
  <suite name="Default suite" duration-ms="16539" started-at="2020-03-26T12:34:44Z" finished-at="2020-03-26T12:35:00Z">
    <groups>
    </groups>
    <test name="Default test" duration-ms="16539" started-at="2020-03-26T12:34:44Z" finished-at="2020-03-26T12:35:00Z">
      <class name="com.sampleproject.pages.FacebookloginTest">
        <test-method status="PASS" signature="f()[pri:0, instance:com.sampleproject.pages.FacebookloginTest@15eef3d]" name="f" duration-ms="16477" started-at="2020-03-26T18:04:44Z" finished-at="2020-03-26T18:05:00Z">
          <reporter-output>
          </reporter-output>
        </test-method> <!-- f -->
      </class> <!-- com.sampleproject.pages.FacebookloginTest -->
    </test> <!-- Default test -->
  </suite> <!-- Default suite -->
</testng-results>
